C:\Users\robot\Desktop\MJ\LuoLitaArm_AIK_imped\Debug\cl.command.1.tlog
C:\Users\robot\Desktop\MJ\LuoLitaArm_AIK_imped\Debug\CL.read.1.tlog
C:\Users\robot\Desktop\MJ\LuoLitaArm_AIK_imped\Debug\CL.write.1.tlog
C:\USERS\ROBOT\DESKTOP\MJ\LUOLITAARM_AIK_IMPED\DEBUG\CONTROLLITA.OBJ
C:\USERS\ROBOT\DESKTOP\MJ\LUOLITAARM_AIK_IMPED\DEBUG\FINGER.OBJ
C:\USERS\ROBOT\DESKTOP\MJ\LUOLITAARM_AIK_IMPED\DEBUG\GRIPPER.OBJ
C:\USERS\ROBOT\DESKTOP\MJ\LUOLITAARM_AIK_IMPED\DEBUG\IMPCARD.OBJ
C:\Users\robot\Desktop\MJ\LuoLitaArm_AIK_imped\Debug\link.4140.read.1.tlog
C:\Users\robot\Desktop\MJ\LuoLitaArm_AIK_imped\Debug\link.4140.write.1.tlog
C:\Users\robot\Desktop\MJ\LuoLitaArm_AIK_imped\Debug\link.4140-cvtres.read.1.tlog
C:\Users\robot\Desktop\MJ\LuoLitaArm_AIK_imped\Debug\link.4140-cvtres.write.1.tlog
C:\Users\robot\Desktop\MJ\LuoLitaArm_AIK_imped\Debug\link.5648.read.1.tlog
C:\Users\robot\Desktop\MJ\LuoLitaArm_AIK_imped\Debug\link.5648.write.1.tlog
C:\Users\robot\Desktop\MJ\LuoLitaArm_AIK_imped\Debug\link.5648-cvtres.read.1.tlog
C:\Users\robot\Desktop\MJ\LuoLitaArm_AIK_imped\Debug\link.5648-cvtres.write.1.tlog
C:\Users\robot\Desktop\MJ\LuoLitaArm_AIK_imped\Debug\link.command.1.tlog
C:\Users\robot\Desktop\MJ\LuoLitaArm_AIK_imped\Debug\link.read.1.tlog
C:\Users\robot\Desktop\MJ\LuoLitaArm_AIK_imped\Debug\link.write.1.tlog
C:\Users\robot\Desktop\MJ\LuoLitaArm_AIK_imped\Debug\link-cvtres.read.1.tlog
C:\Users\robot\Desktop\MJ\LuoLitaArm_AIK_imped\Debug\link-cvtres.write.1.tlog
C:\USERS\ROBOT\DESKTOP\MJ\LUOLITAARM_AIK_IMPED\DEBUG\LUOLITAARM.EXE
C:\USERS\ROBOT\DESKTOP\MJ\LUOLITAARM_AIK_IMPED\DEBUG\LUOLITAARM.EXE.EMBED.MANIFEST
C:\USERS\ROBOT\DESKTOP\MJ\LUOLITAARM_AIK_IMPED\DEBUG\LUOLITAARM.EXE.EMBED.MANIFEST.RES
C:\USERS\ROBOT\DESKTOP\MJ\LUOLITAARM_AIK_IMPED\DEBUG\LUOLITAARM.EXE.INTERMEDIATE.MANIFEST
C:\USERS\ROBOT\DESKTOP\MJ\LUOLITAARM_AIK_IMPED\DEBUG\LUOLITAARM.ILK
C:\USERS\ROBOT\DESKTOP\MJ\LUOLITAARM_AIK_IMPED\DEBUG\LUOLITAARM.OBJ
C:\USERS\ROBOT\DESKTOP\MJ\LUOLITAARM_AIK_IMPED\DEBUG\LUOLITAARM.PDB
C:\Users\robot\Desktop\MJ\LuoLitaArm_AIK_imped\Debug\LuoLitaArm.write.1.tlog
C:\Users\robot\Desktop\MJ\LuoLitaArm_AIK_imped\Debug\LuoLitaArm_manifest.rc
C:\USERS\ROBOT\DESKTOP\MJ\LUOLITAARM_AIK_IMPED\DEBUG\LUOLITAARMFUNC.OBJ
C:\Users\robot\Desktop\MJ\LuoLitaArm_AIK_imped\Debug\mt.command.1.tlog
C:\Users\robot\Desktop\MJ\LuoLitaArm_AIK_imped\Debug\mt.read.1.tlog
C:\Users\robot\Desktop\MJ\LuoLitaArm_AIK_imped\Debug\mt.write.1.tlog
C:\Users\robot\Desktop\MJ\LuoLitaArm_AIK_imped\Debug\rc.command.1.tlog
C:\Users\robot\Desktop\MJ\LuoLitaArm_AIK_imped\Debug\rc.read.1.tlog
C:\Users\robot\Desktop\MJ\LuoLitaArm_AIK_imped\Debug\rc.write.1.tlog
C:\USERS\ROBOT\DESKTOP\MJ\LUOLITAARM_AIK_IMPED\DEBUG\ROBOTLITA.OBJ
C:\Users\robot\Desktop\MJ\LuoLitaArm_AIK_imped\Debug\RtvFileConvert.vcxprojResolveAssemblyReference.cache
C:\USERS\ROBOT\DESKTOP\MJ\LUOLITAARM_AIK_IMPED\DEBUG\SERIALPORTCOM.OBJ
C:\Users\robot\Desktop\MJ\LuoLitaArm_AIK_imped\Debug\vc100.idb
C:\USERS\ROBOT\DESKTOP\MJ\LUOLITAARM_AIK_IMPED\DEBUG\VC100.PDB
