已經開始建置於 2015/8/13 下午 09:40:10。
     1>節點 2 (build 目標) 上的專案 "C:\Users\robot\Desktop\MJ\LuoLitaArm_AIK_imped\RtvFileConvert.vcxproj"。
     1>InitializeBuildStatus:
         由於指定了 "AlwaysCreate"，因此正在建立 "Debug\LuoLitaArm.unsuccessfulbuild"。
       ClCompile:
         c:\Program Files\Microsoft Visual Studio 10.0\VC\bin\CL.exe /c /I"C:\Program Files\IntervalZero\RTX\\include" /I\..\..\include /ZI /nologo /W3 /WX- /Od /Oy- /D WIN32 /D _DEBUG /D _CONSOLE /D _CRT_SECURE_NO_WARNINGS /D _CRT_SECURE_NO_DEPRECATE /D _UNICODE /D UNICODE /Gm /EHsc /RTC1 /MDd /GS /fp:precise /Zc:wchar_t /Zc:forScope /Fo"Debug\\" /Fd"Debug\vc100.pdb" /Gd /TP /analyze- /errorReport:prompt LuoLitaArm.cpp
         LuoLitaArm.cpp
     1>c:\users\robot\desktop\mj\luolitaarm_aik_imped\luolitaarm.cpp(60): warning C4305: '正在初始化' : 從 'double' 轉換為 'float'，是由較大的型別轉換為較小的型別，可能導致資料遺失
       ManifestResourceCompile:
         所有輸出都是最新的。
       Link:
         c:\Program Files\Microsoft Visual Studio 10.0\VC\bin\link.exe /ERRORREPORT:PROMPT /OUT:"C:\Users\robot\Desktop\MJ\LuoLitaArm_AIK_imped\Debug\LuoLitaArm.exe" /INCREMENTAL /NOLOGO /LIBPATH:\lib IMCDriver.lib rtapi_w32.lib TcAdsDll.lib kernel32.lib user32.lib gdi32.lib winspool.lib comdlg32.lib advapi32.lib shell32.lib ole32.lib oleaut32.lib uuid.lib odbc32.lib odbccp32.lib /NODEFAULTLIB:libc /NODEFAULTLIB:libcd /NODEFAULTLIB:libcmt /NODEFAULTLIB:libcmtd /MANIFEST /ManifestFile:"Debug\LuoLitaArm.exe.intermediate.manifest" /MANIFESTUAC:"level='asInvoker' uiAccess='false'" /DEBUG /PDB:"C:\Users\robot\Desktop\MJ\LuoLitaArm_AIK_imped\Debug\LuoLitaArm.pdb" /SUBSYSTEM:CONSOLE /TLBID:1 /DYNAMICBASE:NO /IMPLIB:"C:\Users\robot\Desktop\MJ\LuoLitaArm_AIK_imped\Debug\LuoLitaArm.lib" /MACHINE:X86 Debug\LuoLitaArm.exe.embed.manifest.res
         Debug\ControlLita.obj
         Debug\finger.obj
         Debug\Gripper.obj
         Debug\IMPCard.obj
         Debug\LuoLitaArm.obj
         Debug\LuoLitaArmFunc.obj
         Debug\RobotLita.obj
         Debug\SerialPortCom.obj
       Manifest:
         c:\Program Files\Microsoft SDKs\Windows\v7.0A\bin\mt.exe /nologo /verbose /out:"Debug\LuoLitaArm.exe.embed.manifest" /manifest Debug\LuoLitaArm.exe.intermediate.manifest
         所有輸出都是最新的。
       LinkEmbedManifest:
         所有輸出都是最新的。
         RtvFileConvert.vcxproj -> C:\Users\robot\Desktop\MJ\LuoLitaArm_AIK_imped\Debug\LuoLitaArm.exe
       FinalizeBuildStatus:
         正在刪除檔案 "Debug\LuoLitaArm.unsuccessfulbuild"。
         正在變更時間戳記 "Debug\LuoLitaArm.lastbuildstate"。
     1>專案 "C:\Users\robot\Desktop\MJ\LuoLitaArm_AIK_imped\RtvFileConvert.vcxproj" (build 目標) 建置完成。

建置成功。

經過時間 00:00:02.72
